<?xml version="1.0" encoding="UTF-8"?>
<!-- Generated by org.testng.reporters.JUnitReportReporter -->
<testsuite skipped="0" hostname="LAPTOP-5V84SBQS" name="com.qa.test.LoginTest" tests="1" failures="0" timestamp="09 Nov 2020 03:39:58 GMT" time="28.460" errors="0">
  <testcase name="testLoginByProp" time="28.460" classname="com.qa.test.LoginTest"/>
</testsuite> <!-- com.qa.test.LoginTest -->
